e:\leventure\workshop\wheels\udt_part\udt\udt_reciver\release\common.obj
e:\leventure\workshop\wheels\udt_part\udt\udt_reciver\release\api.obj
e:\leventure\workshop\wheels\udt_part\udt\udt_reciver\release\channel.obj
e:\leventure\workshop\wheels\udt_part\udt\udt_reciver\release\packet.obj
e:\leventure\workshop\wheels\udt_part\udt\udt_reciver\release\window.obj
e:\leventure\workshop\wheels\udt_part\udt\udt_reciver\release\epoll.obj
e:\leventure\workshop\wheels\udt_part\udt\udt_reciver\release\cache.obj
e:\leventure\workshop\wheels\udt_part\udt\udt_reciver\release\md5.obj
e:\leventure\workshop\wheels\udt_part\udt\udt_reciver\release\ccc.obj
e:\leventure\workshop\wheels\udt_part\udt\udt_reciver\release\core.obj
e:\leventure\workshop\wheels\udt_part\udt\udt_reciver\release\udt_reciver.obj
e:\leventure\workshop\wheels\udt_part\udt\udt_reciver\release\list.obj
e:\leventure\workshop\wheels\udt_part\udt\udt_reciver\release\queue.obj
e:\leventure\workshop\wheels\udt_part\udt\udt_reciver\release\buffer.obj
e:\leventure\workshop\wheels\udt_part\udt\udt_reciver\release\udt_reciver.tlog\cl.10112.write.1.tlog
e:\leventure\workshop\wheels\udt_part\udt\udt_reciver\release\udt_reciver.tlog\cl.command.1.tlog
e:\leventure\workshop\wheels\udt_part\udt\udt_reciver\release\udt_reciver.tlog\cl.read.1.tlog
e:\leventure\workshop\wheels\udt_part\udt\udt_reciver\release\udt_reciver.tlog\link-cvtres.read.1.tlog
e:\leventure\workshop\wheels\udt_part\udt\udt_reciver\release\udt_reciver.tlog\link-cvtres.write.1.tlog
e:\leventure\workshop\wheels\udt_part\udt\udt_reciver\release\udt_reciver.tlog\link-rc.read.1.tlog
e:\leventure\workshop\wheels\udt_part\udt\udt_reciver\release\udt_reciver.tlog\link-rc.write.1.tlog
e:\leventure\workshop\wheels\udt_part\udt\udt_reciver\release\udt_reciver.tlog\link.command.1.tlog
e:\leventure\workshop\wheels\udt_part\udt\udt_reciver\release\udt_reciver.tlog\link.read.1.tlog
e:\leventure\workshop\wheels\udt_part\udt\udt_reciver\release\udt_reciver.tlog\link.write.1.tlog
