e:\leventure\workshop\wheels\udt_part\udt\udt_server\release\common.obj
e:\leventure\workshop\wheels\udt_part\udt\udt_server\release\queue.obj
e:\leventure\workshop\wheels\udt_part\udt\udt_server\release\ccc.obj
e:\leventure\workshop\wheels\udt_part\udt\udt_server\release\md5.obj
e:\leventure\workshop\wheels\udt_part\udt\udt_server\release\api.obj
e:\leventure\workshop\wheels\udt_part\udt\udt_server\release\udt_server.obj
e:\leventure\workshop\wheels\udt_part\udt\udt_server\release\packet.obj
e:\leventure\workshop\wheels\udt_part\udt\udt_server\release\buffer.obj
e:\leventure\workshop\wheels\udt_part\udt\udt_server\release\window.obj
e:\leventure\workshop\wheels\udt_part\udt\udt_server\release\list.obj
e:\leventure\workshop\wheels\udt_part\udt\udt_server\release\epoll.obj
e:\leventure\workshop\wheels\udt_part\udt\udt_server\release\cache.obj
e:\leventure\workshop\wheels\udt_part\udt\udt_server\release\channel.obj
e:\leventure\workshop\wheels\udt_part\udt\udt_server\release\core.obj
e:\leventure\workshop\wheels\udt_part\udt\release\udt_server.dll
e:\leventure\workshop\wheels\udt_part\udt\release\udt_server.lib
e:\leventure\workshop\wheels\udt_part\udt\release\udt_server.exp
e:\leventure\workshop\wheels\udt_part\udt\udt_server\release\udt_server.tlog\cl.10112.write.1.tlog
e:\leventure\workshop\wheels\udt_part\udt\udt_server\release\udt_server.tlog\cl.command.1.tlog
e:\leventure\workshop\wheels\udt_part\udt\udt_server\release\udt_server.tlog\cl.read.1.tlog
e:\leventure\workshop\wheels\udt_part\udt\udt_server\release\udt_server.tlog\link.command.1.tlog
e:\leventure\workshop\wheels\udt_part\udt\udt_server\release\udt_server.tlog\link.read.1.tlog
e:\leventure\workshop\wheels\udt_part\udt\udt_server\release\udt_server.tlog\link.write.1.tlog
e:\leventure\workshop\wheels\udt_part\udt\udt_server\release\udt_server.tlog\udt_server.write.1u.tlog
