d:\workshop\github\udt_service\udt_server\debug\core.obj
d:\workshop\github\udt_service\udt_server\debug\queue.obj
d:\workshop\github\udt_service\udt_server\debug\epoll.obj
d:\workshop\github\udt_service\udt_server\debug\buffer.obj
d:\workshop\github\udt_service\udt_server\debug\md5.obj
d:\workshop\github\udt_service\udt_server\debug\channel.obj
d:\workshop\github\udt_service\udt_server\debug\api.obj
d:\workshop\github\udt_service\udt_server\debug\packet.obj
d:\workshop\github\udt_service\udt_server\debug\ccc.obj
d:\workshop\github\udt_service\udt_server\debug\list.obj
d:\workshop\github\udt_service\udt_server\debug\common.obj
d:\workshop\github\udt_service\udt_server\debug\cache.obj
d:\workshop\github\udt_service\udt_server\debug\window.obj
d:\workshop\github\udt_service\udt_server\debug\udt_server.obj
d:\workshop\github\udt_service\udt_server\debug\vc142.pdb
d:\workshop\github\udt_service\udt_server\debug\moc_udt_server.obj
d:\workshop\github\udt_service\debug\udt_server.ilk
d:\workshop\github\udt_service\debug\udt_server.dll
d:\workshop\github\udt_service\debug\udt_server.pdb
d:\workshop\github\udt_service\udt_server\debug\moc\moc_udt_server.cpp
d:\workshop\github\udt_service\debug\udt_server.lib
d:\workshop\github\udt_service\debug\udt_server.exp
d:\workshop\github\udt_service\udt_server\debug\udt_server.tlog\cl.command.1.tlog
d:\workshop\github\udt_service\udt_server\debug\udt_server.tlog\cl.read.1.tlog
d:\workshop\github\udt_service\udt_server\debug\udt_server.tlog\cl.write.1.tlog
d:\workshop\github\udt_service\udt_server\debug\udt_server.tlog\link.20784.delete.1.tlog
d:\workshop\github\udt_service\udt_server\debug\udt_server.tlog\link.command.1.tlog
d:\workshop\github\udt_service\udt_server\debug\udt_server.tlog\link.delete.1.tlog
d:\workshop\github\udt_service\udt_server\debug\udt_server.tlog\link.read.1.tlog
d:\workshop\github\udt_service\udt_server\debug\udt_server.tlog\link.write.1.tlog
d:\workshop\github\udt_service\udt_server\debug\udt_server.tlog\moc.read.1u.tlog
d:\workshop\github\udt_service\udt_server\debug\udt_server.tlog\moc.write.1u.tlog
d:\workshop\github\udt_service\udt_server\debug\udt_server.tlog\udt_server.write.1u.tlog
