d:\workshop\github\udt_service\udt_reciver\debug\cache.obj
d:\workshop\github\udt_service\udt_reciver\debug\md5.obj
d:\workshop\github\udt_service\udt_reciver\debug\list.obj
d:\workshop\github\udt_service\udt_reciver\debug\queue.obj
d:\workshop\github\udt_service\udt_reciver\debug\epoll.obj
d:\workshop\github\udt_service\udt_reciver\debug\core.obj
d:\workshop\github\udt_service\udt_reciver\debug\api.obj
d:\workshop\github\udt_service\udt_reciver\debug\packet.obj
d:\workshop\github\udt_service\udt_reciver\debug\channel.obj
d:\workshop\github\udt_service\udt_reciver\debug\ccc.obj
d:\workshop\github\udt_service\udt_reciver\debug\buffer.obj
d:\workshop\github\udt_service\udt_reciver\debug\window.obj
d:\workshop\github\udt_service\udt_reciver\debug\common.obj
d:\workshop\github\udt_service\udt_reciver\debug\moc\moc_udt_reciver.cpp
d:\workshop\github\udt_service\udt_reciver\debug\vc142.pdb
d:\workshop\github\udt_service\udt_reciver\debug\udt_reciver.tlog\cl.12044.write.1.tlog
d:\workshop\github\udt_service\udt_reciver\debug\udt_reciver.tlog\cl.command.1.tlog
d:\workshop\github\udt_service\udt_reciver\debug\udt_reciver.tlog\cl.read.1.tlog
d:\workshop\github\udt_service\udt_reciver\debug\udt_reciver.tlog\moc.read.1u.tlog
d:\workshop\github\udt_service\udt_reciver\debug\udt_reciver.tlog\moc.write.1u.tlog
d:\workshop\github\udt_service\udt_reciver\debug\udt_reciver.tlog\udt_reciver.write.1u.tlog
